<?xml version="1.0" encoding="UTF-8"?>
<testng-results skipped="0" failed="0" total="3" passed="3">
  <reporter-output>
  </reporter-output>
  <suite name="Default suite" duration-ms="5643" started-at="2020-10-10T02:53:55Z" finished-at="2020-10-10T02:54:00Z">
    <groups>
    </groups>
    <test name="Default test" duration-ms="5643" started-at="2020-10-10T02:53:55Z" finished-at="2020-10-10T02:54:00Z">
      <class name="DynamicJson">
        <test-method status="PASS" signature="addbook(java.lang.String, java.lang.String)[pri:0, instance:DynamicJson@3bfdc050]" name="addbook" duration-ms="4716" started-at="2020-10-10T08:23:55Z" data-provider="BooksData" finished-at="2020-10-10T08:23:59Z">
          <params>
            <param index="0">
              <value>
                <![CDATA[new1]]>
              </value>
            </param>
            <param index="1">
              <value>
                <![CDATA[4575]]>
              </value>
            </param>
          </params>
          <reporter-output>
          </reporter-output>
        </test-method> <!-- addbook -->
        <test-method status="PASS" signature="addbook(java.lang.String, java.lang.String)[pri:0, instance:DynamicJson@3bfdc050]" name="addbook" duration-ms="469" started-at="2020-10-10T08:23:59Z" data-provider="BooksData" finished-at="2020-10-10T08:24:00Z">
          <params>
            <param index="0">
              <value>
                <![CDATA[new2]]>
              </value>
            </param>
            <param index="1">
              <value>
                <![CDATA[1541]]>
              </value>
            </param>
          </params>
          <reporter-output>
          </reporter-output>
        </test-method> <!-- addbook -->
        <test-method status="PASS" signature="addbook(java.lang.String, java.lang.String)[pri:0, instance:DynamicJson@3bfdc050]" name="addbook" duration-ms="424" started-at="2020-10-10T08:24:00Z" data-provider="BooksData" finished-at="2020-10-10T08:24:00Z">
          <params>
            <param index="0">
              <value>
                <![CDATA[new3]]>
              </value>
            </param>
            <param index="1">
              <value>
                <![CDATA[1542]]>
              </value>
            </param>
          </params>
          <reporter-output>
          </reporter-output>
        </test-method> <!-- addbook -->
      </class> <!-- DynamicJson -->
    </test> <!-- Default test -->
  </suite> <!-- Default suite -->
</testng-results>
